[INFO  - 2020-07-15T14:17:40.531Z] GhostDriver - Main - running on port 61539
[INFO  - 2020-07-15T14:17:42.568Z] Session [f252af30-c6a5-11ea-9da6-abffb68369bc] - page.settings - {"XSSAuditingEnabled":false,"javascriptCanCloseWindows":true,"javascriptCanOpenWindows":true,"javascriptEnabled":true,"loadImages":true,"localToRemoteUrlAccessEnabled":false,"userAgent":"Mozilla/5.0 (Windows NT 6.2; WOW64) AppleWebKit/538.1 (KHTML, like Gecko) PhantomJS/2.1.1 Safari/538.1","webSecurityEnabled":true}
[INFO  - 2020-07-15T14:17:42.568Z] Session [f252af30-c6a5-11ea-9da6-abffb68369bc] - page.customHeaders:  - {}
[INFO  - 2020-07-15T14:17:42.568Z] Session [f252af30-c6a5-11ea-9da6-abffb68369bc] - Session.negotiatedCapabilities - {"browserName":"phantomjs","version":"2.1.1","driverName":"ghostdriver","driverVersion":"1.2.0","platform":"windows-10-32bit","javascriptEnabled":true,"takesScreenshot":true,"handlesAlerts":false,"databaseEnabled":false,"locationContextEnabled":false,"applicationCacheEnabled":false,"browserConnectionEnabled":false,"cssSelectorsEnabled":true,"webStorageEnabled":false,"rotatable":false,"acceptSslCerts":false,"nativeEvents":true,"proxy":{"proxyType":"direct"}}
[INFO  - 2020-07-15T14:17:42.568Z] SessionManagerReqHand - _postNewSessionCommand - New Session Created: f252af30-c6a5-11ea-9da6-abffb68369bc
[ERROR - 2020-07-15T14:17:43.434Z] Session [f252af30-c6a5-11ea-9da6-abffb68369bc] - page.onError - msg: TypeError: Attempting to configurable attribute of unconfigurable property.

  phantomjs://platform/console++.js:263 in error
[ERROR - 2020-07-15T14:17:43.434Z] Session [f252af30-c6a5-11ea-9da6-abffb68369bc] - page.onError - stack:
  defineProperty (https://www.youtube.com/yts/jsbin/webcomponents-lite-noPatch-vflsvyn9v/webcomponents-lite-noPatch.js:150)
  b (https://www.youtube.com/yts/jsbin/webcomponents-lite-noPatch-vflsvyn9v/webcomponents-lite-noPatch.js:150)
  (anonymous function) (https://www.youtube.com/yts/jsbin/webcomponents-lite-noPatch-vflsvyn9v/webcomponents-lite-noPatch.js:152)
  Ub (https://www.youtube.com/yts/jsbin/webcomponents-lite-noPatch-vflsvyn9v/webcomponents-lite-noPatch.js:125)
  (anonymous function) (https://www.youtube.com/yts/jsbin/webcomponents-lite-noPatch-vflsvyn9v/webcomponents-lite-noPatch.js:127)
  Nb (https://www.youtube.com/yts/jsbin/webcomponents-lite-noPatch-vflsvyn9v/webcomponents-lite-noPatch.js:124)
  Qb (https://www.youtube.com/yts/jsbin/webcomponents-lite-noPatch-vflsvyn9v/webcomponents-lite-noPatch.js:124)
  Xb (https://www.youtube.com/yts/jsbin/webcomponents-lite-noPatch-vflsvyn9v/webcomponents-lite-noPatch.js:127)
  bc (https://www.youtube.com/yts/jsbin/webcomponents-lite-noPatch-vflsvyn9v/webcomponents-lite-noPatch.js:136)
  I (https://www.youtube.com/yts/jsbin/webcomponents-lite-noPatch-vflsvyn9v/webcomponents-lite-noPatch.js:136)
  lc (https://www.youtube.com/yts/jsbin/webcomponents-lite-noPatch-vflsvyn9v/webcomponents-lite-noPatch.js:153)
  (anonymous function) (https://www.youtube.com/yts/jsbin/webcomponents-lite-noPatch-vflsvyn9v/webcomponents-lite-noPatch.js:153)

  phantomjs://platform/console++.js:263 in error
[ERROR - 2020-07-15T14:17:43.652Z] Session [f252af30-c6a5-11ea-9da6-abffb68369bc] - page.onError - msg: TypeError: Attempting to configurable attribute of unconfigurable property.

  phantomjs://platform/console++.js:263 in error
[ERROR - 2020-07-15T14:17:43.652Z] Session [f252af30-c6a5-11ea-9da6-abffb68369bc] - page.onError - stack:
  defineProperty (https://www.youtube.com/yts/jsbin/webcomponents-lite-noPatch-vflsvyn9v/webcomponents-lite-noPatch.js:150)
  b (https://www.youtube.com/yts/jsbin/webcomponents-lite-noPatch-vflsvyn9v/webcomponents-lite-noPatch.js:150)
  (anonymous function) (https://www.youtube.com/yts/jsbin/webcomponents-lite-noPatch-vflsvyn9v/webcomponents-lite-noPatch.js:152)
  Ub (https://www.youtube.com/yts/jsbin/webcomponents-lite-noPatch-vflsvyn9v/webcomponents-lite-noPatch.js:125)
  $b (https://www.youtube.com/yts/jsbin/webcomponents-lite-noPatch-vflsvyn9v/webcomponents-lite-noPatch.js:134)
  createElement (https://www.youtube.com/yts/jsbin/webcomponents-lite-noPatch-vflsvyn9v/webcomponents-lite-noPatch.js:143)
  loadJS (https://www.youtube.com/playlist?list=PLVuSWO093tGcenu7mbqdi3Otdl7Bdm2iY:150)
  dispatchEvent (:0)
  (anonymous function) (https://www.youtube.com/yts/jsbin/webcomponents-lite-noPatch-vflsvyn9v/webcomponents-lite-noPatch.js:32)
  (anonymous function) (https://www.youtube.com/yts/jsbin/webcomponents-lite-noPatch-vflsvyn9v/webcomponents-lite-noPatch.js:17)
  d (https://www.youtube.com/yts/jsbin/webcomponents-lite-noPatch-vflsvyn9v/webcomponents-lite-noPatch.js:17)
  (anonymous function) (https://www.youtube.com/yts/jsbin/webcomponents-lite-noPatch-vflsvyn9v/webcomponents-lite-noPatch.js:17)
  q (https://www.youtube.com/yts/jsbin/webcomponents-lite-noPatch-vflsvyn9v/webcomponents-lite-noPatch.js:17)

  phantomjs://platform/console++.js:263 in error
